<?xml version="1.0" encoding="UTF-8"?>
<testsuite name="org.example.TruckTest" tests="1" skipped="0" failures="0" errors="0" timestamp="2024-12-28T12:26:55" hostname="K-9" time="0.032">
  <properties/>
  <testcase name="testTruckRentals()" classname="org.example.TruckTest" time="0.032"/>
  <system-out><![CDATA[]]></system-out>
  <system-err><![CDATA[]]></system-err>
</testsuite>
